<?xml version="1.0" encoding="UTF-8"?>
<!-- Generated by org.testng.reporters.JUnitReportReporter -->
<testsuite skipped="0" hostname="LAPTOP-20464U94" name="com.testcases.SignInTest" tests="1" failures="0" timestamp="25 Nov 2019 21:23:51 GMT" time="6.371" errors="0">
  <testcase name="signInTest" time="6.371" classname="com.testcases.SignInTest"/>
</testsuite> <!-- com.testcases.SignInTest -->
